2013-11-08T21:39:37.968Z - info: Connecting to the mongoose db
2013-11-08T21:40:36.629Z - info: Connecting to the mongoose db
2013-11-08T21:42:46.770Z - info: Connecting to the mongoose db
2013-11-08T21:44:37.877Z - info: Connecting to the mongoose db
2013-11-08T21:46:01.010Z - info: Connecting to the mongoose db
2013-11-08T21:46:01.347Z - info: Enter UserController constructor
2013-11-08T21:46:01.364Z - info: Express app started on port 8000
2013-11-08T22:04:24.508Z - info: Connecting to the mongoose db
2013-11-08T22:04:24.908Z - info: Enter UserController constructor
2013-11-08T22:04:24.923Z - info: Express app started on port 8000
2013-11-08T22:05:27.285Z - info: Connecting to the mongoose db
2013-11-08T22:05:27.574Z - info: Enter UserController constructor
2013-11-08T22:05:27.589Z - info: Express app started on port 8000
2013-11-08T22:06:31.528Z - info: Connecting to the mongoose db
2013-11-08T22:06:31.823Z - info: Enter UserController constructor
2013-11-08T22:06:31.838Z - info: Express app started on port 8000
2013-11-08T22:07:12.320Z - info: Connecting to the mongoose db
2013-11-08T22:07:12.595Z - info: Enter UserController constructor
2013-11-08T22:07:12.609Z - info: Express app started on port 8000
2013-11-08T22:08:19.298Z - info: Connecting to the mongoose db
2013-11-08T22:08:19.587Z - info: Enter UserController constructor
2013-11-08T22:08:19.603Z - info: Express app started on port 8000
2013-11-08T22:09:18.729Z - info: creating new user
2013-11-08T22:09:50.709Z - info: Connecting to the mongoose db
2013-11-08T22:09:51.003Z - info: Enter UserController constructor
2013-11-08T22:09:51.019Z - info: Express app started on port 8000
2013-11-08T22:09:54.626Z - info: creating new user
2013-11-08T22:13:41.823Z - info: Connecting to the mongoose db
2013-11-08T22:13:42.103Z - info: Enter UserController constructor
2013-11-08T22:13:42.119Z - info: Express app started on port 8000
2013-11-08T22:13:46.715Z - info: creating new user
2013-11-08T22:14:34.434Z - info: creating new user
2013-11-08T22:15:28.763Z - info: creating new user
2013-11-08T22:16:31.609Z - info: creating new user
2013-11-08T22:26:34.012Z - info: Connecting to the mongoose db
2013-11-08T22:26:34.328Z - info: Enter UserController constructor
2013-11-08T22:26:34.347Z - info: Express app started on port 8000
2013-11-08T22:29:38.162Z - info: Connecting to the mongoose db
2013-11-08T22:29:38.446Z - info: Enter UserController constructor
2013-11-08T22:29:38.461Z - info: Express app started on port 8000
2013-11-08T22:33:36.331Z - info: Connecting to the mongoose db
2013-11-08T22:33:36.651Z - info: Enter UserController constructor
2013-11-08T22:33:36.667Z - info: Express app started on port 8000
2013-11-08T22:35:58.566Z - info: Connecting to the mongoose db
2013-11-08T22:35:58.850Z - info: Enter UserController constructor
2013-11-08T22:35:58.869Z - info: Express app started on port 8000
2013-11-08T22:36:03.142Z - info: creating message object
2013-11-08T22:38:42.043Z - info: Connecting to the mongoose db
2013-11-08T22:38:42.331Z - info: Enter UserController constructor
2013-11-08T22:38:42.347Z - info: Express app started on port 8000
2013-11-08T22:38:46.259Z - info: creating message object
2013-11-08T22:39:05.021Z - info: Connecting to the mongoose db
2013-11-08T22:39:05.299Z - info: Enter UserController constructor
2013-11-08T22:39:05.315Z - info: Express app started on port 8000
2013-11-08T22:39:08.133Z - info: creating message object
2013-11-08T22:43:03.055Z - info: Connecting to the mongoose db
2013-11-08T22:43:03.331Z - info: Enter UserController constructor
2013-11-08T22:43:03.347Z - info: Express app started on port 8000
2013-11-08T22:43:07.345Z - info: creating message object
2013-11-10T03:03:16.322Z - info: Connecting to the mongoose db
2013-11-10T03:03:16.682Z - info: Enter UserController constructor
2013-11-10T03:03:16.730Z - info: Express app started on port 8000
2013-11-10T03:03:27.280Z - info: Connecting to the mongoose db
2013-11-10T03:03:27.555Z - info: Enter UserController constructor
2013-11-10T03:03:27.569Z - info: Express app started on port 8000
2013-11-10T03:04:41.290Z - info: creating message object
2013-11-10T03:05:04.696Z - info: creating message object
2013-11-10T03:05:30.543Z - info: creating message object
2013-11-10T03:06:10.998Z - info: Connecting to the mongoose db
2013-11-10T03:06:11.276Z - info: Enter UserController constructor
2013-11-10T03:06:11.290Z - info: Express app started on port 8000
2013-11-10T03:06:41.101Z - info: creating message object
2013-11-10T03:07:01.568Z - info: creating message object
2013-11-10T03:07:51.250Z - info: Connecting to the mongoose db
2013-11-10T03:07:51.524Z - info: Enter UserController constructor
2013-11-10T03:07:51.538Z - info: Express app started on port 8000
2013-11-10T03:07:57.523Z - info: creating message object
2013-11-10T03:08:19.915Z - info: Connecting to the mongoose db
2013-11-10T03:08:20.192Z - info: Enter UserController constructor
2013-11-10T03:08:20.206Z - info: Express app started on port 8000
2013-11-10T03:08:24.130Z - info: creating message object
2013-11-10T03:11:50.738Z - info: Connecting to the mongoose db
2013-11-10T03:11:51.012Z - info: Enter UserController constructor
2013-11-10T03:11:51.026Z - info: Express app started on port 8000
2013-11-10T03:11:57.399Z - info: creating message object sender : undefined receiver: 527d62bfbe61fce8e4000005
2013-11-10T03:12:59.165Z - info: Connecting to the mongoose db
2013-11-10T03:12:59.439Z - info: Enter UserController constructor
2013-11-10T03:12:59.453Z - info: Express app started on port 8000
2013-11-10T03:13:22.814Z - info: Connecting to the mongoose db
2013-11-10T03:13:23.089Z - info: Enter UserController constructor
2013-11-10T03:13:23.102Z - info: Express app started on port 8000
2013-11-10T03:13:26.814Z - info: sending user : undefined
2013-11-10T03:13:26.818Z - info: creating message object sender : undefined receiver: 527d62bfbe61fce8e4000005
2013-11-10T03:14:07.387Z - info: Connecting to the mongoose db
2013-11-10T03:14:07.665Z - info: Enter UserController constructor
2013-11-10T03:14:07.679Z - info: Express app started on port 8000
2013-11-10T03:14:10.849Z - info: sending user : [{"phoneNumber":"8058074293","_id":"527d624abe61fce8e4000003","__v":0,"devices":[],"messages":[]}]
2013-11-10T03:14:10.853Z - info: creating message object sender : undefined receiver: 527d62bfbe61fce8e4000005
2013-11-10T03:14:33.961Z - info: Connecting to the mongoose db
2013-11-10T03:14:34.235Z - info: Enter UserController constructor
2013-11-10T03:14:34.249Z - info: Express app started on port 8000
2013-11-10T03:14:38.593Z - info: sending user : {"phoneNumber":"8058074293","_id":"527d624abe61fce8e4000003","__v":0,"devices":[],"messages":[]}
2013-11-10T03:14:38.596Z - info: creating message object sender : 527d624abe61fce8e4000003 receiver: 527d62bfbe61fce8e4000005
2013-11-10T03:21:27.353Z - info: Connecting to the mongoose db
2013-11-10T03:21:27.633Z - info: Enter UserController constructor
2013-11-10T03:21:27.646Z - info: Express app started on port 8000
2013-11-10T03:21:32.786Z - info: sending user : {"phoneNumber":"8058074293","_id":"527d624abe61fce8e4000003","__v":0,"devices":[],"messages":[]}
2013-11-10T03:21:32.789Z - info: creating message object sender : 527d624abe61fce8e4000003 receiver: 527d62bfbe61fce8e4000005
2013-11-10T03:27:03.102Z - info: Connecting to the mongoose db
2013-11-10T03:27:03.377Z - info: Enter UserController constructor
2013-11-10T03:27:03.390Z - info: Express app started on port 8000
2013-11-10T03:27:10.563Z - info: sending user : {"phoneNumber":"8058074293","_id":"527d624abe61fce8e4000003","__v":0,"devices":[],"messages":[]}
2013-11-10T03:27:10.566Z - info: creating message object sender : 527d624abe61fce8e4000003 receiver: 527d62bfbe61fce8e4000005
2013-11-10T03:28:11.657Z - info: Connecting to the mongoose db
2013-11-10T03:28:11.936Z - info: Enter UserController constructor
2013-11-10T03:28:11.949Z - info: Express app started on port 8000
2013-11-10T03:28:18.344Z - info: sending user : {"phoneNumber":"8058074293","_id":"527d624abe61fce8e4000003","__v":0,"devices":[],"messages":[]}
2013-11-10T03:28:18.347Z - info: creating message object sender : 527d624abe61fce8e4000003 receiver: 527d62bfbe61fce8e4000005
2013-11-10T03:29:00.424Z - info: sending user : {"phoneNumber":"8058074293","_id":"527d624abe61fce8e4000003","__v":0,"devices":[],"messages":[]}
2013-11-10T03:29:00.425Z - info: creating message object sender : 527d624abe61fce8e4000003 receiver: 527d62bfbe61fce8e4000005
2013-11-10T19:11:17.235Z - info: Connecting to the mongoose db
2013-11-10T19:11:18.008Z - info: Enter UserController constructor
2013-11-10T19:11:18.082Z - info: Express app started on port 8000
2013-11-10T19:11:25.573Z - info: Connecting to the mongoose db
2013-11-10T19:11:25.849Z - info: Enter UserController constructor
2013-11-10T19:11:25.862Z - info: Express app started on port 8000
2013-11-10T19:11:58.066Z - info: sending user : {"phoneNumber":"8058074293","_id":"527d624abe61fce8e4000003","messages":[],"__v":0,"devices":[],"conversations":[]}
2013-11-10T19:12:23.753Z - info: Connecting to the mongoose db
2013-11-10T19:12:24.032Z - info: Enter UserController constructor
2013-11-10T19:12:24.045Z - info: Express app started on port 8000
2013-11-10T19:13:05.850Z - info: Connecting to the mongoose db
2013-11-10T19:13:06.720Z - info: Enter UserController constructor
2013-11-10T19:13:06.763Z - info: Express app started on port 8000
2013-11-10T19:13:10.174Z - info: sending user : {"phoneNumber":"8058074293","_id":"527d624abe61fce8e4000003","messages":[],"__v":0,"devices":[],"conversations":[]}
2013-11-10T19:13:37.137Z - info: Connecting to the mongoose db
2013-11-10T19:13:38.007Z - info: Enter UserController constructor
2013-11-10T19:14:06.296Z - info: Connecting to the mongoose db
2013-11-10T19:14:07.175Z - info: Enter UserController constructor
2013-11-10T19:14:07.222Z - info: Express app started on port 8000
2013-11-10T19:14:10.229Z - info: sending user : {"phoneNumber":"8058074293","_id":"527d624abe61fce8e4000003","messages":[],"__v":0,"devices":[],"conversations":[]}
2013-11-10T19:14:10.231Z - info: posting new conversations
2013-11-10T19:16:59.302Z - info: Connecting to the mongoose db
2013-11-10T19:16:59.586Z - info: Enter UserController constructor
2013-11-10T19:16:59.601Z - info: Express app started on port 8000
2013-11-10T19:17:03.108Z - info: sending user : {"phoneNumber":"8058074293","_id":"527d624abe61fce8e4000003","messages":[],"__v":0,"devices":[],"conversations":[]}
2013-11-10T19:17:03.109Z - info: posting new conversations
2013-11-10T19:17:03.112Z - info: creating conversation object sender : 527d624abe61fce8e4000003 receiver: 527d62bfbe61fce8e4000005
2013-11-10T19:17:24.460Z - info: Connecting to the mongoose db
2013-11-10T19:17:24.735Z - info: Enter UserController constructor
2013-11-10T19:17:24.750Z - info: Express app started on port 8000
2013-11-10T19:17:27.412Z - info: sending user : {"phoneNumber":"8058074293","_id":"527d624abe61fce8e4000003","messages":[],"__v":0,"devices":[],"conversations":[]}
2013-11-10T19:17:27.413Z - info: posting new conversations
2013-11-10T19:17:27.416Z - info: creating conversation object sender : 527d624abe61fce8e4000003 receiver: 527d62bfbe61fce8e4000005
2013-11-10T19:18:09.150Z - info: Connecting to the mongoose db
2013-11-10T19:18:09.424Z - info: Enter UserController constructor
2013-11-10T19:18:09.439Z - info: Express app started on port 8000
2013-11-10T19:18:11.628Z - info: sending user : {"phoneNumber":"8058074293","_id":"527d624abe61fce8e4000003","messages":[],"__v":0,"devices":[],"conversations":[]}
2013-11-10T19:18:11.628Z - info: posting new conversations
2013-11-10T19:18:11.631Z - info: creating conversation object sender : 527d624abe61fce8e4000003 receiver: 527d62bfbe61fce8e4000005
2013-11-10T19:18:11.646Z - info: creating conversation object{"__v":1,"_id":"527fdbf3dc5e900000000004","participants":[],"messages":[{"_id":"527fdbf3dc5e900000000005","messageReceiver":"527d62bfbe61fce8e4000005","messageSender":"527d624abe61fce8e4000003","messageContent":"Test message4 from 8058074293 to 5185882891","updatedAt":"2013-11-10T19:18:11.642Z","createdAt":"2013-11-10T19:18:11.639Z","__v":0}]}
2013-11-10T19:19:18.392Z - info: Connecting to the mongoose db
2013-11-10T19:19:18.669Z - info: Enter UserController constructor
2013-11-10T19:19:18.685Z - info: Express app started on port 8000
2013-11-10T19:19:21.525Z - info: sending user : {"phoneNumber":"8058074293","_id":"527d624abe61fce8e4000003","messages":[],"__v":0,"devices":[],"conversations":[]}
2013-11-10T19:19:21.526Z - info: posting new conversations
2013-11-10T19:19:21.529Z - info: creating conversation object sender : 527d624abe61fce8e4000003 receiver: 527d62bfbe61fce8e4000005
2013-11-10T19:19:34.703Z - info: Connecting to the mongoose db
2013-11-10T19:19:34.982Z - info: Enter UserController constructor
2013-11-10T19:19:34.997Z - info: Express app started on port 8000
2013-11-10T19:19:39.387Z - info: sending user : {"phoneNumber":"8058074293","_id":"527d624abe61fce8e4000003","messages":[],"__v":0,"devices":[],"conversations":[]}
2013-11-10T19:19:39.387Z - info: posting new conversations
2013-11-10T19:19:39.389Z - info: creating conversation object sender : 527d624abe61fce8e4000003 receiver: 527d62bfbe61fce8e4000005
2013-11-10T19:19:39.406Z - info: creating conversation object{"__v":1,"_id":"527fdc4bb6c9e20000000004","participants":[{"__v":0,"_id":"527d62bfbe61fce8e4000005","phoneNumber":"5185882891","devices":[],"conversations":[]},{"__v":0,"_id":"527d624abe61fce8e4000003","phoneNumber":"8058074293","devices":[],"conversations":[]}],"messages":[{"_id":"527fdc4bb6c9e20000000005","messageReceiver":"527d62bfbe61fce8e4000005","messageSender":"527d624abe61fce8e4000003","messageContent":"Test message4 from 8058074293 to 5185882891","updatedAt":"2013-11-10T19:19:39.402Z","createdAt":"2013-11-10T19:19:39.397Z","__v":0}]}
2013-11-10T19:22:07.299Z - info: Connecting to the mongoose db
2013-11-10T19:22:07.579Z - info: Enter UserController constructor
2013-11-10T19:22:07.595Z - info: Express app started on port 8000
2013-11-10T19:29:08.263Z - info: Connecting to the mongoose db
2013-11-10T19:29:08.540Z - info: Enter UserController constructor
2013-11-10T19:29:08.556Z - info: Express app started on port 8000
2013-11-10T19:29:15.884Z - info: sending user : {"phoneNumber":"8058074293","_id":"527d624abe61fce8e4000003","messages":[],"__v":0,"devices":[],"conversations":[]}
2013-11-10T19:29:15.884Z - info: posting new conversations
2013-11-10T19:29:15.887Z - info: creating conversation object sender : 527d624abe61fce8e4000003 receiver: 527d62bfbe61fce8e4000005
2013-11-10T19:29:15.905Z - info: creating conversation object{"__v":1,"createdAt":"2013-11-10T19:29:15.889Z","updatedAt":"2013-11-10T19:29:15.900Z","_id":"527fde8b58783a0000000004","participants":[{"__v":0,"_id":"527d62bfbe61fce8e4000005","phoneNumber":"5185882891","devices":[],"conversations":[]},{"__v":0,"_id":"527d624abe61fce8e4000003","phoneNumber":"8058074293","devices":[],"conversations":[]}],"messages":[{"_id":"527fde8b58783a0000000005","messageReceiver":"527d62bfbe61fce8e4000005","messageSender":"527d624abe61fce8e4000003","messageContent":"Test message4 from 8058074293 to 5185882891","updatedAt":"2013-11-10T19:29:15.900Z","createdAt":"2013-11-10T19:29:15.896Z","__v":0}]}
2013-11-10T19:30:21.715Z - info: Connecting to the mongoose db
2013-11-10T19:30:21.992Z - info: Enter UserController constructor
2013-11-10T19:30:22.006Z - info: Express app started on port 8000
2013-11-10T19:30:40.794Z - info: sending user : {"phoneNumber":"8058074293","_id":"527d624abe61fce8e4000003","messages":[],"__v":0,"devices":[],"conversations":[]}
2013-11-10T19:30:54.647Z - info: Connecting to the mongoose db
2013-11-10T19:30:54.925Z - info: Enter UserController constructor
2013-11-10T19:30:54.941Z - info: Express app started on port 8000
2013-11-10T19:30:58.238Z - info: sending user : {"phoneNumber":"8058074293","_id":"527d624abe61fce8e4000003","messages":[],"__v":0,"devices":[],"conversations":[]}
2013-11-10T19:31:59.435Z - info: Connecting to the mongoose db
2013-11-10T19:31:59.713Z - info: Enter UserController constructor
2013-11-10T19:31:59.727Z - info: Express app started on port 8000
2013-11-10T19:32:03.305Z - info: sending user : {"phoneNumber":"8058074293","_id":"527d624abe61fce8e4000003","messages":[],"__v":0,"devices":[],"conversations":[]}
2013-11-10T19:32:03.326Z - info: creating conversation object{"__v":2,"_id":"527fde8b58783a0000000004","createdAt":"2013-11-10T19:29:15.889Z","updatedAt":"2013-11-10T19:32:03.320Z","participants":[{"__v":0,"_id":"527d62bfbe61fce8e4000005","phoneNumber":"5185882891","devices":[],"conversations":[]},{"__v":0,"_id":"527d624abe61fce8e4000003","phoneNumber":"8058074293","devices":[],"conversations":[]}],"messages":[{"_id":"527fde8b58783a0000000005","messageReceiver":"527d62bfbe61fce8e4000005","messageSender":"527d624abe61fce8e4000003","messageContent":"Test message4 from 8058074293 to 5185882891","updatedAt":"2013-11-10T19:32:03.319Z","createdAt":"2013-11-10T19:29:15.896Z","__v":0},{"_id":"527fdf3337fe900000000004","messageSender":"527d624abe61fce8e4000003","messageContent":"Test message 5 from 8058074293 to 5185882891","updatedAt":"2013-11-10T19:32:03.320Z","createdAt":"2013-11-10T19:32:03.313Z","__v":0}]}
2013-11-10T19:32:29.777Z - info: sending user : {"phoneNumber":"5185882891","_id":"527d62bfbe61fce8e4000005","messages":[],"__v":0,"devices":[],"conversations":[]}
2013-11-10T19:32:29.786Z - info: creating conversation object{"__v":3,"_id":"527fde8b58783a0000000004","createdAt":"2013-11-10T19:29:15.889Z","updatedAt":"2013-11-10T19:32:29.782Z","participants":[{"__v":0,"_id":"527d62bfbe61fce8e4000005","phoneNumber":"5185882891","devices":[],"conversations":[]},{"__v":0,"_id":"527d624abe61fce8e4000003","phoneNumber":"8058074293","devices":[],"conversations":[]}],"messages":[{"_id":"527fde8b58783a0000000005","messageReceiver":"527d62bfbe61fce8e4000005","messageSender":"527d624abe61fce8e4000003","messageContent":"Test message4 from 8058074293 to 5185882891","updatedAt":"2013-11-10T19:32:29.782Z","createdAt":"2013-11-10T19:29:15.896Z","__v":0},{"_id":"527fdf3337fe900000000004","messageSender":"527d624abe61fce8e4000003","messageContent":"Test message 5 from 8058074293 to 5185882891","updatedAt":"2013-11-10T19:32:29.782Z","createdAt":"2013-11-10T19:32:03.313Z","__v":0},{"_id":"527fdf4d37fe900000000005","messageSender":"527d62bfbe61fce8e4000005","messageContent":"Test message 5 from 8058074293 to 5185882891","updatedAt":"2013-11-10T19:32:29.782Z","createdAt":"2013-11-10T19:32:29.780Z","__v":0}]}
2013-11-10T22:47:16.560Z - info: Connecting to the mongoose db
2013-11-10T22:47:16.847Z - info: Enter UserController constructor
2013-11-10T22:47:16.862Z - info: Express app started on port 8000
2013-11-10T23:09:38.164Z - info: Connecting to the mongoose db
2013-11-10T23:09:38.451Z - info: Enter UserController constructor
2013-11-10T23:09:38.466Z - info: Express app started on port 8000
2013-11-10T23:09:46.251Z - info: Connecting to the mongoose db
2013-11-10T23:09:46.541Z - info: Enter UserController constructor
2013-11-10T23:09:46.556Z - info: Express app started on port 8000
2013-11-10T23:11:11.231Z - info: sending user : {"phoneNumber":"8058074293","_id":"527d624abe61fce8e4000003","messages":[],"__v":0,"devices":[],"conversations":[]}
2013-11-10T23:13:48.462Z - info: Connecting to the mongoose db
2013-11-10T23:13:48.747Z - info: Enter UserController constructor
2013-11-10T23:13:48.762Z - info: Express app started on port 8000
2013-11-10T23:13:51.193Z - info: sending user : {"phoneNumber":"8058074293","_id":"527d624abe61fce8e4000003","messages":[],"__v":0,"devices":[],"conversations":[]}
2013-11-12T06:33:44.065Z - info: Connecting to the mongoose db
2013-11-12T06:33:46.860Z - info: Enter UserController constructor
2013-11-12T06:33:46.968Z - info: Express app started on port 8000
2013-11-12T06:34:05.609Z - info: Connecting to the mongoose db
2013-11-12T06:34:05.876Z - info: Enter UserController constructor
2013-11-12T06:34:05.891Z - info: Express app started on port 8000
2013-11-12T06:34:09.840Z - info: Connecting to the mongoose db
2013-11-12T06:34:10.128Z - info: Enter UserController constructor
2013-11-12T06:34:10.143Z - info: Express app started on port 8000
2013-11-12T06:34:34.472Z - info: sending user : {"phoneNumber":"8058074293","_id":"527d624abe61fce8e4000003","messages":[],"__v":0,"devices":[],"conversations":[]}
2013-11-12T06:34:34.472Z - info: posting new conversations
2013-11-12T06:34:34.475Z - info: creating conversation object sender : 527d624abe61fce8e4000003 receiver: 527d62bfbe61fce8e4000005
2013-11-12T06:34:34.508Z - info: creating conversation object{"__v":1,"createdAt":"2013-11-12T06:34:34.478Z","updatedAt":"2013-11-12T06:34:34.503Z","_id":"5281cbfaf580f32f1e000004","participants":[{"__v":0,"_id":"527d62bfbe61fce8e4000005","phoneNumber":"5185882891","devices":[],"conversations":["5281cbfaf580f32f1e000004"]},{"__v":0,"_id":"527d624abe61fce8e4000003","phoneNumber":"8058074293","devices":[],"conversations":[]}],"messages":[{"_id":"5281cbfaf580f32f1e000005","messageReceiver":"527d62bfbe61fce8e4000005","messageSender":"527d624abe61fce8e4000003","messageContent":"Test message 10 from 8058074293 to 5185882891","updatedAt":"2013-11-12T06:34:34.490Z","createdAt":"2013-11-12T06:34:34.485Z","__v":0}]}
2013-11-12T06:35:47.908Z - info: sending user : {"phoneNumber":"8058074293","_id":"527d624abe61fce8e4000003","messages":[],"__v":0,"devices":[],"conversations":[]}
2013-11-12T06:35:47.909Z - info: posting new conversations
2013-11-12T06:35:47.910Z - info: creating conversation object sender : 527d624abe61fce8e4000003 receiver: 527d62bfbe61fce8e4000005
2013-11-12T06:35:47.927Z - info: creating conversation object{"__v":1,"createdAt":"2013-11-12T06:35:47.911Z","updatedAt":"2013-11-12T06:35:47.924Z","_id":"5281cc43f580f32f1e000006","participants":[{"phoneNumber":"5185882891","_id":"527d62bfbe61fce8e4000005","__v":1,"devices":[],"conversations":["5281cbfaf580f32f1e000004","5281cc43f580f32f1e000006"]},{"__v":0,"_id":"527d624abe61fce8e4000003","phoneNumber":"8058074293","devices":[],"conversations":[]}],"messages":[{"_id":"5281cc43f580f32f1e000007","messageReceiver":"527d62bfbe61fce8e4000005","messageSender":"527d624abe61fce8e4000003","messageContent":"Test message 10 from 8058074293 to 5185882891","updatedAt":"2013-11-12T06:35:47.919Z","createdAt":"2013-11-12T06:35:47.914Z","__v":0}]}
2013-11-12T06:37:07.115Z - info: creating new user
2013-11-12T06:37:16.911Z - info: creating new user
2013-11-12T06:37:23.200Z - info: sending user : {"phoneNumber":"8058074293","_id":"5281cc9cf580f32f1e000009","__v":0,"devices":[],"conversations":[]}
2013-11-12T06:37:23.200Z - info: posting new conversations
2013-11-12T06:37:23.201Z - info: creating conversation object sender : 5281cc9cf580f32f1e000009 receiver: 5281cc93f580f32f1e000008
2013-11-12T06:37:23.221Z - info: creating conversation object{"__v":1,"createdAt":"2013-11-12T06:37:23.201Z","updatedAt":"2013-11-12T06:37:23.217Z","_id":"5281cca3f580f32f1e00000a","participants":[{"__v":0,"_id":"5281cc93f580f32f1e000008","phoneNumber":"5185882891","devices":[],"conversations":["5281cca3f580f32f1e00000a"]},{"__v":0,"_id":"5281cc9cf580f32f1e000009","phoneNumber":"8058074293","devices":[],"conversations":[]}],"messages":[{"_id":"5281cca3f580f32f1e00000b","messageReceiver":"5281cc93f580f32f1e000008","messageSender":"5281cc9cf580f32f1e000009","messageContent":"Test message 10 from 8058074293 to 5185882891","updatedAt":"2013-11-12T06:37:23.211Z","createdAt":"2013-11-12T06:37:23.203Z","__v":0}]}
2013-11-12T06:38:21.050Z - info: Connecting to the mongoose db
2013-11-12T06:38:21.327Z - info: Enter UserController constructor
2013-11-12T06:38:21.342Z - info: Express app started on port 8000
2013-11-12T06:38:25.961Z - info: sending user : {"phoneNumber":"8058074293","_id":"5281cc9cf580f32f1e000009","__v":0,"devices":[],"conversations":[]}
2013-11-12T06:38:25.961Z - info: posting new conversations
2013-11-12T06:38:25.964Z - info: creating conversation object sender : 5281cc9cf580f32f1e000009 receiver: 5281cc93f580f32f1e000008
2013-11-12T06:38:25.986Z - info: creating conversation object{"__v":1,"createdAt":"2013-11-12T06:38:25.966Z","updatedAt":"2013-11-12T06:38:25.982Z","_id":"5281cce165a296ac1e000004","participants":[{"phoneNumber":"5185882891","_id":"5281cc93f580f32f1e000008","__v":1,"devices":[],"conversations":["5281cca3f580f32f1e00000a","5281cce165a296ac1e000004"]},{"__v":0,"_id":"5281cc9cf580f32f1e000009","phoneNumber":"8058074293","devices":[],"conversations":["5281cce165a296ac1e000004"]}],"messages":[{"_id":"5281cce165a296ac1e000005","messageReceiver":"5281cc93f580f32f1e000008","messageSender":"5281cc9cf580f32f1e000009","messageContent":"Test message 10 from 8058074293 to 5185882891","updatedAt":"2013-11-12T06:38:25.978Z","createdAt":"2013-11-12T06:38:25.973Z","__v":0}]}
2013-11-12T06:38:38.913Z - info: sending user : {"__v":1,"_id":"5281cc9cf580f32f1e000009","phoneNumber":"8058074293","devices":[],"conversations":["5281cce165a296ac1e000004"]}
2013-11-12T06:38:38.914Z - info: posting new conversations
2013-11-12T06:38:38.915Z - info: creating conversation object sender : 5281cc9cf580f32f1e000009 receiver: 5281cc93f580f32f1e000008
2013-11-12T06:38:38.953Z - info: creating conversation object{"__v":1,"createdAt":"2013-11-12T06:38:38.915Z","updatedAt":"2013-11-12T06:38:38.922Z","_id":"5281ccee65a296ac1e000006","participants":[{"phoneNumber":"5185882891","_id":"5281cc93f580f32f1e000008","__v":2,"devices":[],"conversations":["5281cca3f580f32f1e00000a","5281cce165a296ac1e000004","5281ccee65a296ac1e000006"]},{"phoneNumber":"8058074293","_id":"5281cc9cf580f32f1e000009","__v":1,"devices":[],"conversations":["5281cce165a296ac1e000004","5281ccee65a296ac1e000006"]}],"messages":[{"_id":"5281ccee65a296ac1e000007","messageReceiver":"5281cc93f580f32f1e000008","messageSender":"5281cc9cf580f32f1e000009","messageContent":"Test message 10 from 8058074293 to 5185882891","updatedAt":"2013-11-12T06:38:38.920Z","createdAt":"2013-11-12T06:38:38.916Z","__v":0}]}
2013-11-12T06:38:43.407Z - info: sending user : {"__v":2,"_id":"5281cc9cf580f32f1e000009","phoneNumber":"8058074293","devices":[],"conversations":["5281cce165a296ac1e000004","5281ccee65a296ac1e000006"]}
2013-11-12T06:38:43.407Z - info: posting new conversations
2013-11-12T06:38:43.408Z - info: creating conversation object sender : 5281cc9cf580f32f1e000009 receiver: 5281cc93f580f32f1e000008
2013-11-12T06:38:43.418Z - info: creating conversation object{"__v":1,"createdAt":"2013-11-12T06:38:43.409Z","updatedAt":"2013-11-12T06:38:43.416Z","_id":"5281ccf365a296ac1e000008","participants":[{"phoneNumber":"5185882891","_id":"5281cc93f580f32f1e000008","__v":3,"devices":[],"conversations":["5281cca3f580f32f1e00000a","5281cce165a296ac1e000004","5281ccee65a296ac1e000006","5281ccf365a296ac1e000008"]},{"phoneNumber":"8058074293","_id":"5281cc9cf580f32f1e000009","__v":2,"devices":[],"conversations":["5281cce165a296ac1e000004","5281ccee65a296ac1e000006","5281ccf365a296ac1e000008"]}],"messages":[{"_id":"5281ccf365a296ac1e000009","messageReceiver":"5281cc93f580f32f1e000008","messageSender":"5281cc9cf580f32f1e000009","messageContent":"Test message 10 from 8058074293 to 5185882891","updatedAt":"2013-11-12T06:38:43.413Z","createdAt":"2013-11-12T06:38:43.410Z","__v":0}]}
2013-11-12T06:39:31.206Z - info: Connecting to the mongoose db
2013-11-12T06:39:31.484Z - info: Enter UserController constructor
2013-11-12T06:39:31.498Z - info: Express app started on port 8000
2013-11-12T06:40:01.723Z - info: sending user : {"__v":3,"_id":"5281cc9cf580f32f1e000009","phoneNumber":"8058074293","devices":[],"conversations":[{"__v":1,"_id":"5281cce165a296ac1e000004","createdAt":"2013-11-12T06:38:25.966Z","updatedAt":"2013-11-12T06:38:25.982Z","participants":[{"phoneNumber":"5185882891","_id":"5281cc93f580f32f1e000008","__v":1,"devices":[],"conversations":["5281cca3f580f32f1e00000a","5281cce165a296ac1e000004"]},{"__v":0,"_id":"5281cc9cf580f32f1e000009","phoneNumber":"8058074293","devices":[],"conversations":["5281cce165a296ac1e000004"]}],"messages":[{"_id":"5281cce165a296ac1e000005","messageReceiver":"5281cc93f580f32f1e000008","messageSender":"5281cc9cf580f32f1e000009","messageContent":"Test message 10 from 8058074293 to 5185882891","updatedAt":"2013-11-12T06:38:25.978Z","createdAt":"2013-11-12T06:38:25.973Z","__v":0}]},{"__v":1,"_id":"5281ccee65a296ac1e000006","createdAt":"2013-11-12T06:38:38.915Z","updatedAt":"2013-11-12T06:38:38.922Z","participants":[{"phoneNumber":"5185882891","_id":"5281cc93f580f32f1e000008","__v":2,"devices":[],"conversations":["5281cca3f580f32f1e00000a","5281cce165a296ac1e000004","5281ccee65a296ac1e000006"]},{"phoneNumber":"8058074293","_id":"5281cc9cf580f32f1e000009","__v":1,"devices":[],"conversations":["5281cce165a296ac1e000004","5281ccee65a296ac1e000006"]}],"messages":[{"_id":"5281ccee65a296ac1e000007","messageReceiver":"5281cc93f580f32f1e000008","messageSender":"5281cc9cf580f32f1e000009","messageContent":"Test message 10 from 8058074293 to 5185882891","updatedAt":"2013-11-12T06:38:38.920Z","createdAt":"2013-11-12T06:38:38.916Z","__v":0}]},{"__v":1,"_id":"5281ccf365a296ac1e000008","createdAt":"2013-11-12T06:38:43.409Z","updatedAt":"2013-11-12T06:38:43.416Z","participants":[{"phoneNumber":"5185882891","_id":"5281cc93f580f32f1e000008","__v":3,"devices":[],"conversations":["5281cca3f580f32f1e00000a","5281cce165a296ac1e000004","5281ccee65a296ac1e000006","5281ccf365a296ac1e000008"]},{"phoneNumber":"8058074293","_id":"5281cc9cf580f32f1e000009","__v":2,"devices":[],"conversations":["5281cce165a296ac1e000004","5281ccee65a296ac1e000006","5281ccf365a296ac1e000008"]}],"messages":[{"_id":"5281ccf365a296ac1e000009","messageReceiver":"5281cc93f580f32f1e000008","messageSender":"5281cc9cf580f32f1e000009","messageContent":"Test message 10 from 8058074293 to 5185882891","updatedAt":"2013-11-12T06:38:43.413Z","createdAt":"2013-11-12T06:38:43.410Z","__v":0}]}]}
2013-11-12T21:04:06.297Z - info: Connecting to the mongoose db
2013-11-12T21:04:07.443Z - info: Enter UserController constructor
2013-11-12T21:04:07.573Z - info: Express app started on port 8000
2013-11-12T21:07:01.648Z - info: Connecting to the mongoose db
2013-11-12T21:07:01.924Z - info: Enter UserController constructor
2013-11-12T21:07:01.939Z - info: Express app started on port 8000
2013-11-12T21:07:35.008Z - info: sending user : {"__v":3,"_id":"5281cc9cf580f32f1e000009","phoneNumber":"8058074293","devices":[],"conversations":[{"__v":1,"_id":"5281cce165a296ac1e000004","createdAt":"2013-11-12T06:38:25.966Z","updatedAt":"2013-11-12T06:38:25.982Z","participants":[{"phoneNumber":"5185882891","_id":"5281cc93f580f32f1e000008","__v":1,"devices":[],"conversations":["5281cca3f580f32f1e00000a","5281cce165a296ac1e000004"]},{"__v":0,"_id":"5281cc9cf580f32f1e000009","phoneNumber":"8058074293","devices":[],"conversations":["5281cce165a296ac1e000004"]}],"messages":[{"_id":"5281cce165a296ac1e000005","messageReceiver":"5281cc93f580f32f1e000008","messageSender":"5281cc9cf580f32f1e000009","messageContent":"Test message 10 from 8058074293 to 5185882891","updatedAt":"2013-11-12T06:38:25.978Z","createdAt":"2013-11-12T06:38:25.973Z","__v":0}]},{"__v":1,"_id":"5281ccee65a296ac1e000006","createdAt":"2013-11-12T06:38:38.915Z","updatedAt":"2013-11-12T06:38:38.922Z","participants":[{"phoneNumber":"5185882891","_id":"5281cc93f580f32f1e000008","__v":2,"devices":[],"conversations":["5281cca3f580f32f1e00000a","5281cce165a296ac1e000004","5281ccee65a296ac1e000006"]},{"phoneNumber":"8058074293","_id":"5281cc9cf580f32f1e000009","__v":1,"devices":[],"conversations":["5281cce165a296ac1e000004","5281ccee65a296ac1e000006"]}],"messages":[{"_id":"5281ccee65a296ac1e000007","messageReceiver":"5281cc93f580f32f1e000008","messageSender":"5281cc9cf580f32f1e000009","messageContent":"Test message 10 from 8058074293 to 5185882891","updatedAt":"2013-11-12T06:38:38.920Z","createdAt":"2013-11-12T06:38:38.916Z","__v":0}]},{"__v":1,"_id":"5281ccf365a296ac1e000008","createdAt":"2013-11-12T06:38:43.409Z","updatedAt":"2013-11-12T06:38:43.416Z","participants":[{"phoneNumber":"5185882891","_id":"5281cc93f580f32f1e000008","__v":3,"devices":[],"conversations":["5281cca3f580f32f1e00000a","5281cce165a296ac1e000004","5281ccee65a296ac1e000006","5281ccf365a296ac1e000008"]},{"phoneNumber":"8058074293","_id":"5281cc9cf580f32f1e000009","__v":2,"devices":[],"conversations":["5281cce165a296ac1e000004","5281ccee65a296ac1e000006","5281ccf365a296ac1e000008"]}],"messages":[{"_id":"5281ccf365a296ac1e000009","messageReceiver":"5281cc93f580f32f1e000008","messageSender":"5281cc9cf580f32f1e000009","messageContent":"Test message 10 from 8058074293 to 5185882891","updatedAt":"2013-11-12T06:38:43.413Z","createdAt":"2013-11-12T06:38:43.410Z","__v":0}]}]}
2013-11-12T21:23:28.409Z - info: Connecting to the mongoose db
2013-11-12T21:23:28.702Z - info: Enter UserController constructor
2013-11-12T21:23:28.716Z - info: Express app started on port 8000
2013-11-12T21:24:24.973Z - info: creating new user
2013-11-12T21:24:31.545Z - info: creating new user
2013-11-12T21:24:41.958Z - info: sending user : {"phoneNumber":"8058074293","_id":"52829c884642929055000004","__v":0,"devices":[],"conversations":[]}
2013-11-12T21:24:41.958Z - info: posting new conversations
2013-11-12T21:24:41.960Z - info: creating conversation object sender : 52829c884642929055000004 receiver: 52829c8f4642929055000005
2013-11-12T21:25:03.209Z - info: Connecting to the mongoose db
2013-11-12T21:25:03.512Z - info: Enter UserController constructor
2013-11-12T21:25:03.528Z - info: Express app started on port 8000
2013-11-12T21:25:08.337Z - info: sending user : {"__v":1,"_id":"52829c884642929055000004","phoneNumber":"8058074293","devices":[],"conversations":[{"__v":1,"_id":"52829c994642929055000006","createdAt":"2013-11-12T21:24:41.962Z","updatedAt":"2013-11-12T21:24:41.977Z","participants":[{"__v":0,"_id":"52829c8f4642929055000005","phoneNumber":"5185882891","devices":[],"conversations":["52829c994642929055000006"]},{"__v":0,"_id":"52829c884642929055000004","phoneNumber":"8058074293","devices":[],"conversations":["52829c994642929055000006"]}],"messages":[{"_id":"52829c994642929055000007","messageReceiver":"5185882891","messageSender":"8058074293","messageReceiverId":"52829c8f4642929055000005","messageSenderId":"52829c884642929055000004","messageContent":"Test message 1 from 8058074293 to 5185882891","updatedAt":"2013-11-12T21:24:41.971Z","createdAt":"2013-11-12T21:24:41.965Z","__v":0}]}]}
2013-11-12T21:25:08.337Z - info: posting new conversations
2013-11-12T21:25:08.339Z - info: creating conversation object sender : 52829c884642929055000004 receiver: 52829c8f4642929055000005
2013-11-12T21:25:25.512Z - info: Connecting to the mongoose db
2013-11-12T21:25:25.790Z - info: Enter UserController constructor
2013-11-12T21:25:25.807Z - info: Express app started on port 8000
2013-11-12T21:25:28.941Z - info: sending user : {"__v":2,"_id":"52829c884642929055000004","phoneNumber":"8058074293","devices":[],"conversations":[{"__v":1,"_id":"52829c994642929055000006","createdAt":"2013-11-12T21:24:41.962Z","updatedAt":"2013-11-12T21:24:41.977Z","participants":[{"__v":0,"_id":"52829c8f4642929055000005","phoneNumber":"5185882891","devices":[],"conversations":["52829c994642929055000006"]},{"__v":0,"_id":"52829c884642929055000004","phoneNumber":"8058074293","devices":[],"conversations":["52829c994642929055000006"]}],"messages":[{"_id":"52829c994642929055000007","messageReceiver":"5185882891","messageSender":"8058074293","messageReceiverId":"52829c8f4642929055000005","messageSenderId":"52829c884642929055000004","messageContent":"Test message 1 from 8058074293 to 5185882891","updatedAt":"2013-11-12T21:24:41.971Z","createdAt":"2013-11-12T21:24:41.965Z","__v":0}]},{"__v":1,"_id":"52829cb4d9f0861056000004","createdAt":"2013-11-12T21:25:08.341Z","updatedAt":"2013-11-12T21:25:08.358Z","participants":[{"phoneNumber":"5185882891","_id":"52829c8f4642929055000005","__v":1,"devices":[],"conversations":["52829c994642929055000006","52829cb4d9f0861056000004"]},{"phoneNumber":"8058074293","_id":"52829c884642929055000004","__v":1,"devices":[],"conversations":["52829c994642929055000006","52829cb4d9f0861056000004"]}],"messages":[{"_id":"52829cb4d9f0861056000005","messageReceiver":"5185882891","messageSender":"8058074293","messageReceiverId":"52829c8f4642929055000005","messageSenderId":"52829c884642929055000004","messageContent":"Test message 1 from 8058074293 to 5185882891","updatedAt":"2013-11-12T21:25:08.354Z","createdAt":"2013-11-12T21:25:08.349Z","__v":0}]}]}
2013-11-12T21:25:28.941Z - info: posting new conversations
2013-11-12T21:25:28.943Z - info: creating conversation object sender : 52829c884642929055000004 receiver: 52829c8f4642929055000005
2013-11-12T21:30:21.255Z - info: Connecting to the mongoose db
2013-11-12T21:30:21.567Z - info: Enter UserController constructor
2013-11-12T21:30:21.582Z - info: Express app started on port 8000
2013-11-12T21:30:28.819Z - info: posting new conversations
2013-11-12T21:30:28.822Z - info: creating conversation object sender : 52829c884642929055000004 receiver: 52829c8f4642929055000005
2013-11-12T21:30:55.292Z - info: Connecting to the mongoose db
2013-11-12T21:30:55.584Z - info: Enter UserController constructor
2013-11-12T21:30:55.603Z - info: Express app started on port 8000
2013-11-12T21:31:00.669Z - info: posting new conversations
2013-11-12T21:31:00.671Z - info: creating conversation object sender : 52829c884642929055000004 receiver: 52829c8f4642929055000005
2013-11-12T21:32:56.225Z - info: Connecting to the mongoose db
2013-11-12T21:32:56.507Z - info: Enter UserController constructor
2013-11-12T21:32:56.522Z - info: Express app started on port 8000
2013-11-12T21:33:00.207Z - info: creating new user
2013-11-12T21:33:06.248Z - info: creating new user
2013-11-12T21:33:09.816Z - info: posting new conversations
2013-11-12T21:33:09.817Z - info: creating conversation object sender : 52829e8c88bcf49e56000004 receiver: 52829e9288bcf49e56000005
2013-11-12T21:49:31.083Z - info: Connecting to the mongoose db
2013-11-12T21:49:31.381Z - info: Enter UserController constructor
2013-11-12T21:49:31.398Z - info: Express app started on port 8000
2013-11-12T21:49:37.139Z - info: posting new conversations
2013-11-12T21:49:37.141Z - info: creating conversation object sender : 52829e8c88bcf49e56000004 receiver: 52829e9288bcf49e56000005
2013-11-12T22:10:01.968Z - info: Connecting to the mongoose db
2013-11-12T22:10:02.969Z - info: Enter UserController constructor
2013-11-12T22:10:02.993Z - info: Express app started on port 8000
2013-11-12T22:10:09.140Z - info: posting new conversations
2013-11-12T22:10:09.143Z - info: creating conversation object sender : 52829e8c88bcf49e56000004 receiver: 52829e9288bcf49e56000005
2013-11-12T22:15:52.620Z - info: Connecting to the mongoose db
2013-11-12T22:15:53.253Z - info: Enter UserController constructor
2013-11-12T22:15:53.278Z - info: Express app started on port 8000
2013-11-12T22:15:58.578Z - info: posting new conversations
2013-11-12T22:15:58.580Z - info: creating conversation object sender : 52829e8c88bcf49e56000004 receiver: 52829e9288bcf49e56000005
2013-11-12T22:16:35.534Z - info: Connecting to the mongoose db
2013-11-12T22:16:35.825Z - info: Enter UserController constructor
2013-11-12T22:16:35.840Z - info: Express app started on port 8000
2013-11-12T22:16:40.504Z - info: posting new conversations
2013-11-12T22:16:40.506Z - info: creating conversation object sender : 52829e8c88bcf49e56000004 receiver: 52829e9288bcf49e56000005
2013-11-12T22:18:44.659Z - info: Connecting to the mongoose db
2013-11-12T22:18:44.938Z - info: Enter UserController constructor
2013-11-12T22:18:44.953Z - info: Express app started on port 8000
2013-11-12T22:18:50.707Z - info: posting new conversations
2013-11-12T22:18:50.709Z - info: creating conversation object sender : 52829e8c88bcf49e56000004 receiver: 52829e9288bcf49e56000005
2013-11-12T22:18:50.730Z - info: creating conversation object{"__v":1,"createdAt":"2013-11-12T22:18:50.711Z","updatedAt":"2013-11-12T22:18:50.725Z","_id":"5282a94a1623d1415d000004","participants":[{"phoneNumber":"5185882891","_id":"52829e9288bcf49e56000005","__v":3,"devices":[],"conversations":["52829e9588bcf49e56000006","5282a271a18acb4259000004","5282a74176147c935c000004"]},{"phoneNumber":"8058074293","_id":"52829e8c88bcf49e56000004","__v":3,"devices":[],"conversations":["52829e9588bcf49e56000006","5282a271a18acb4259000004","5282a74176147c935c000004"]}],"messages":[{"_id":"5282a94a1623d1415d000005","messageReceiverId":"52829e9288bcf49e56000005","messageSenderId":"52829e8c88bcf49e56000004","messageContent":"Test message 1 from 8058074293 to 5185882891","updatedAt":"2013-11-12T22:18:50.725Z","createdAt":"2013-11-12T22:18:50.719Z","__v":0}]}
2013-11-12T22:18:50.734Z - info: creating conversation object{"__v":1,"createdAt":"2013-11-12T22:18:50.711Z","updatedAt":"2013-11-12T22:18:50.725Z","_id":"5282a94a1623d1415d000004","participants":[{"phoneNumber":"5185882891","_id":"52829e9288bcf49e56000005","__v":3,"devices":[],"conversations":["52829e9588bcf49e56000006","5282a271a18acb4259000004","5282a74176147c935c000004"]},{"phoneNumber":"8058074293","_id":"52829e8c88bcf49e56000004","__v":3,"devices":[],"conversations":["52829e9588bcf49e56000006","5282a271a18acb4259000004","5282a74176147c935c000004"]}],"messages":[{"_id":"5282a94a1623d1415d000005","messageReceiverId":"52829e9288bcf49e56000005","messageSenderId":"52829e8c88bcf49e56000004","messageContent":"Test message 1 from 8058074293 to 5185882891","updatedAt":"2013-11-12T22:18:50.725Z","createdAt":"2013-11-12T22:18:50.719Z","__v":0}]}
2013-11-12T22:20:17.043Z - info: creating new user
2013-11-12T22:20:20.120Z - info: creating new user
2013-11-12T22:20:24.729Z - info: posting new conversations
2013-11-12T22:20:24.730Z - info: creating conversation object sender : 5282a9a41623d1415d000007 receiver: 5282a9a11623d1415d000006
2013-11-12T22:20:24.738Z - info: creating conversation object{"__v":1,"createdAt":"2013-11-12T22:20:24.730Z","updatedAt":"2013-11-12T22:20:24.736Z","_id":"5282a9a81623d1415d000008","participants":[{"__v":0,"_id":"5282a9a11623d1415d000006","phoneNumber":"5185882891","devices":[],"conversations":[]},{"__v":0,"_id":"5282a9a41623d1415d000007","phoneNumber":"8058074293","devices":[],"conversations":[]}],"messages":[{"_id":"5282a9a81623d1415d000009","messageReceiverId":"5282a9a11623d1415d000006","messageSenderId":"5282a9a41623d1415d000007","messageContent":"Test message 1 from 8058074293 to 5185882891","updatedAt":"2013-11-12T22:20:24.736Z","createdAt":"2013-11-12T22:20:24.733Z","__v":0}]}
2013-11-12T22:20:24.739Z - info: creating conversation object{"__v":1,"createdAt":"2013-11-12T22:20:24.730Z","updatedAt":"2013-11-12T22:20:24.736Z","_id":"5282a9a81623d1415d000008","participants":[{"__v":0,"_id":"5282a9a11623d1415d000006","phoneNumber":"5185882891","devices":[],"conversations":[]},{"__v":0,"_id":"5282a9a41623d1415d000007","phoneNumber":"8058074293","devices":[],"conversations":[]}],"messages":[{"_id":"5282a9a81623d1415d000009","messageReceiverId":"5282a9a11623d1415d000006","messageSenderId":"5282a9a41623d1415d000007","messageContent":"Test message 1 from 8058074293 to 5185882891","updatedAt":"2013-11-12T22:20:24.736Z","createdAt":"2013-11-12T22:20:24.733Z","__v":0}]}
2013-11-12T22:20:38.275Z - info: posting new conversations
2013-11-12T22:20:38.276Z - info: creating conversation object sender : 5282a9a41623d1415d000007 receiver: 5282a9a11623d1415d000006
2013-11-12T22:20:38.284Z - info: creating conversation object{"__v":1,"createdAt":"2013-11-12T22:20:38.276Z","updatedAt":"2013-11-12T22:20:38.282Z","_id":"5282a9b61623d1415d00000a","participants":[{"__v":0,"_id":"5282a9a11623d1415d000006","phoneNumber":"5185882891","devices":[],"conversations":[]},{"__v":0,"_id":"5282a9a41623d1415d000007","phoneNumber":"8058074293","devices":[],"conversations":[]}],"messages":[{"_id":"5282a9b61623d1415d00000b","messageReceiverId":"5282a9a11623d1415d000006","messageSenderId":"5282a9a41623d1415d000007","messageContent":"Test message 1 from 8058074293 to 5185882891","updatedAt":"2013-11-12T22:20:38.282Z","createdAt":"2013-11-12T22:20:38.278Z","__v":0}]}
2013-11-12T22:20:38.288Z - info: creating conversation object{"__v":1,"createdAt":"2013-11-12T22:20:38.276Z","updatedAt":"2013-11-12T22:20:38.282Z","_id":"5282a9b61623d1415d00000a","participants":[{"__v":0,"_id":"5282a9a11623d1415d000006","phoneNumber":"5185882891","devices":[],"conversations":[]},{"__v":0,"_id":"5282a9a41623d1415d000007","phoneNumber":"8058074293","devices":[],"conversations":[]}],"messages":[{"_id":"5282a9b61623d1415d00000b","messageReceiverId":"5282a9a11623d1415d000006","messageSenderId":"5282a9a41623d1415d000007","messageContent":"Test message 1 from 8058074293 to 5185882891","updatedAt":"2013-11-12T22:20:38.282Z","createdAt":"2013-11-12T22:20:38.278Z","__v":0}]}
2013-11-12T22:22:27.529Z - info: Connecting to the mongoose db
2013-11-12T22:22:27.822Z - info: Enter UserController constructor
2013-11-12T22:22:27.836Z - info: Express app started on port 8000
2013-11-12T22:22:38.901Z - info: creating new user
2013-11-12T22:22:42.558Z - info: creating new user
2013-11-12T22:22:44.680Z - info: posting new conversations
2013-11-12T22:22:44.682Z - info: creating conversation object sender : 5282aa2eb5b744e35d000004 receiver: 5282aa32b5b744e35d000005
2013-11-12T22:23:31.055Z - info: Connecting to the mongoose db
2013-11-12T22:23:31.361Z - info: Enter UserController constructor
2013-11-12T22:23:31.375Z - info: Express app started on port 8000
2013-11-12T22:23:35.013Z - info: posting new conversations
2013-11-12T22:23:35.015Z - info: creating conversation object sender : 5282aa2eb5b744e35d000004 receiver: 5282aa32b5b744e35d000005
2013-11-12T22:23:49.713Z - info: Connecting to the mongoose db
2013-11-12T22:23:50.005Z - info: Enter UserController constructor
2013-11-12T22:23:50.020Z - info: Express app started on port 8000
2013-11-12T22:23:55.485Z - info: posting new conversations
2013-11-12T22:23:55.487Z - info: creating conversation object sender : 5282aa2eb5b744e35d000004 receiver: 5282aa32b5b744e35d000005
2013-11-12T22:24:09.465Z - info: Connecting to the mongoose db
2013-11-12T22:24:09.753Z - info: Enter UserController constructor
2013-11-12T22:24:09.769Z - info: Express app started on port 8000
2013-11-12T22:24:13.844Z - info: posting new conversations
2013-11-12T22:24:13.846Z - info: creating conversation object sender : 5282aa2eb5b744e35d000004 receiver: 5282aa32b5b744e35d000005
2013-11-12T22:24:13.862Z - info: creating conversation object{"__v":1,"createdAt":"2013-11-12T22:24:13.848Z","updatedAt":"2013-11-12T22:24:13.858Z","_id":"5282aa8d5c17a6055e000004","participants":[{"phoneNumber":"5185882891","_id":"5282aa32b5b744e35d000005","__v":1,"devices":[],"conversations":["5282aa34b5b744e35d000006"]},{"phoneNumber":"8058074293","_id":"5282aa2eb5b744e35d000004","__v":1,"devices":[],"conversations":["5282aa34b5b744e35d000006"]}],"messages":[{"_id":"5282aa8d5c17a6055e000005","messageReceiverId":"5282aa32b5b744e35d000005","messageSenderId":"5282aa2eb5b744e35d000004","messageContent":"Test message 1 from 8058074293 to 5185882891","updatedAt":"2013-11-12T22:24:13.857Z","createdAt":"2013-11-12T22:24:13.854Z","__v":0}]}
2013-11-12T22:26:55.885Z - info: Connecting to the mongoose db
2013-11-12T22:26:56.165Z - info: Enter UserController constructor
2013-11-12T22:26:56.180Z - info: Express app started on port 8000
2013-11-12T22:27:01.660Z - info: posting new conversations
2013-11-12T22:27:01.662Z - info: creating conversation object sender : 5282aa2eb5b744e35d000004 receiver: 5282aa32b5b744e35d000005
2013-11-12T22:27:01.680Z - info: creating conversation object{"__v":1,"createdAt":"2013-11-12T22:27:01.664Z","updatedAt":"2013-11-12T22:27:01.674Z","_id":"5282ab35307b1f335e000004","participants":[{"phoneNumber":"5185882891","_id":"5282aa32b5b744e35d000005","__v":1,"devices":[],"conversations":["5282aa34b5b744e35d000006"]},{"phoneNumber":"8058074293","_id":"5282aa2eb5b744e35d000004","__v":1,"devices":[],"conversations":["5282aa34b5b744e35d000006"]}],"messages":[{"_id":"5282ab35307b1f335e000005","messageReceiverId":"5282aa32b5b744e35d000005","messageSenderId":"5282aa2eb5b744e35d000004","messageContent":"Test message 1 from 8058074293 to 5185882891","updatedAt":"2013-11-12T22:27:01.674Z","createdAt":"2013-11-12T22:27:01.670Z","__v":0}]}
2013-11-12T22:27:21.227Z - info: Connecting to the mongoose db
2013-11-12T22:27:21.532Z - info: Enter UserController constructor
2013-11-12T22:27:21.558Z - info: Express app started on port 8000
2013-11-12T22:27:30.495Z - info: posting new conversations
2013-11-12T22:27:30.497Z - info: creating conversation object sender : 5282aa2eb5b744e35d000004 receiver: 5282aa32b5b744e35d000005
2013-11-12T22:27:30.517Z - info: creating conversation object{"__v":1,"createdAt":"2013-11-12T22:27:30.499Z","updatedAt":"2013-11-12T22:27:30.510Z","_id":"5282ab52a3122c3c5e000004","participants":[{"phoneNumber":"5185882891","_id":"5282aa32b5b744e35d000005","__v":1,"devices":[],"conversations":["5282aa34b5b744e35d000006"]},{"phoneNumber":"8058074293","_id":"5282aa2eb5b744e35d000004","__v":1,"devices":[],"conversations":["5282aa34b5b744e35d000006"]}],"messages":[{"_id":"5282ab52a3122c3c5e000005","messageReceiverId":"5282aa32b5b744e35d000005","messageSenderId":"5282aa2eb5b744e35d000004","messageContent":"Test message 1 from 8058074293 to 5185882891","updatedAt":"2013-11-12T22:27:30.510Z","createdAt":"2013-11-12T22:27:30.505Z","__v":0}]}
2013-11-12T22:28:09.912Z - info: posting new conversations
2013-11-12T22:28:09.913Z - info: creating conversation object sender : 5282aa2eb5b744e35d000004 receiver: 5282aa32b5b744e35d000005
2013-11-12T22:28:09.921Z - info: creating conversation object{"__v":1,"createdAt":"2013-11-12T22:28:09.914Z","updatedAt":"2013-11-12T22:28:09.918Z","_id":"5282ab79a3122c3c5e000006","participants":[{"phoneNumber":"5185882891","_id":"5282aa32b5b744e35d000005","__v":1,"devices":[],"conversations":["5282aa34b5b744e35d000006"]},{"phoneNumber":"8058074293","_id":"5282aa2eb5b744e35d000004","__v":1,"devices":[],"conversations":["5282aa34b5b744e35d000006"]}],"messages":[{"_id":"5282ab79a3122c3c5e000007","messageReceiverId":"5282aa32b5b744e35d000005","messageSenderId":"5282aa2eb5b744e35d000004","messageContent":"Test message 1 from 8058074293 to 5185882891","updatedAt":"2013-11-12T22:28:09.918Z","createdAt":"2013-11-12T22:28:09.915Z","__v":0}]}
2013-11-12T22:28:28.350Z - info: posting new conversations
2013-11-12T22:28:28.354Z - info: creating conversation object sender : 5282aa2eb5b744e35d000004 receiver: 5282aa32b5b744e35d000005
2013-11-12T22:28:28.361Z - info: creating conversation object{"__v":1,"createdAt":"2013-11-12T22:28:28.354Z","updatedAt":"2013-11-12T22:28:28.359Z","_id":"5282ab8ca3122c3c5e000008","participants":[{"phoneNumber":"5185882891","_id":"5282aa32b5b744e35d000005","__v":1,"devices":[],"conversations":["5282aa34b5b744e35d000006"]},{"phoneNumber":"8058074293","_id":"5282aa2eb5b744e35d000004","__v":1,"devices":[],"conversations":["5282aa34b5b744e35d000006"]}],"messages":[{"_id":"5282ab8ca3122c3c5e000009","messageReceiverId":"5282aa32b5b744e35d000005","messageSenderId":"5282aa2eb5b744e35d000004","messageContent":"Test message 2 from 8058074293 to 5185882891","updatedAt":"2013-11-12T22:28:28.358Z","createdAt":"2013-11-12T22:28:28.356Z","__v":0}]}
2013-11-12T22:29:16.633Z - info: posting new conversations
2013-11-12T22:29:16.633Z - info: creating conversation object sender : 5282aa2eb5b744e35d000004 receiver: 5282aa32b5b744e35d000005
2013-11-12T22:29:16.641Z - info: creating conversation object{"__v":1,"createdAt":"2013-11-12T22:29:16.634Z","updatedAt":"2013-11-12T22:29:16.638Z","_id":"5282abbca3122c3c5e00000a","participants":[{"phoneNumber":"5185882891","_id":"5282aa32b5b744e35d000005","__v":1,"devices":[],"conversations":["5282aa34b5b744e35d000006"]},{"phoneNumber":"8058074293","_id":"5282aa2eb5b744e35d000004","__v":1,"devices":[],"conversations":["5282aa34b5b744e35d000006"]}],"messages":[{"_id":"5282abbca3122c3c5e00000b","messageReceiverId":"5282aa32b5b744e35d000005","messageSenderId":"5282aa2eb5b744e35d000004","messageContent":"Test message 2 from 8058074293 to 5185882891","updatedAt":"2013-11-12T22:29:16.638Z","createdAt":"2013-11-12T22:29:16.635Z","__v":0}]}
2013-11-12T22:30:05.565Z - info: Connecting to the mongoose db
2013-11-12T22:30:05.852Z - info: Enter UserController constructor
2013-11-12T22:30:05.867Z - info: Express app started on port 8000
2013-11-12T22:30:11.646Z - info: posting new conversations
2013-11-12T22:30:11.648Z - info: creating conversation object sender : 5282aa2eb5b744e35d000004 receiver: 5282aa32b5b744e35d000005
2013-11-12T22:30:11.666Z - info: creating conversation object{"__v":1,"createdAt":"2013-11-12T22:30:11.650Z","updatedAt":"2013-11-12T22:30:11.661Z","_id":"5282abf3fe2ea86b5e000004","participants":[{"phoneNumber":"5185882891","_id":"5282aa32b5b744e35d000005","__v":1,"devices":[],"conversations":["5282aa34b5b744e35d000006"]},{"phoneNumber":"8058074293","_id":"5282aa2eb5b744e35d000004","__v":1,"devices":[],"conversations":["5282aa34b5b744e35d000006"]}],"messages":[{"_id":"5282abf3fe2ea86b5e000005","messageReceiverId":"5282aa32b5b744e35d000005","messageSenderId":"5282aa2eb5b744e35d000004","messageContent":"Test message 2 from 8058074293 to 5185882891","updatedAt":"2013-11-12T22:30:11.660Z","createdAt":"2013-11-12T22:30:11.656Z","__v":0}]}
2013-11-12T22:30:31.624Z - info: posting new conversations
2013-11-12T22:30:31.625Z - info: creating conversation object sender : 5282aa2eb5b744e35d000004 receiver: 5282aa32b5b744e35d000005
2013-11-12T22:30:31.632Z - info: creating conversation object{"__v":1,"createdAt":"2013-11-12T22:30:31.625Z","updatedAt":"2013-11-12T22:30:31.630Z","_id":"5282ac07fe2ea86b5e000006","participants":[{"phoneNumber":"5185882891","_id":"5282aa32b5b744e35d000005","__v":2,"devices":[],"conversations":["5282aa34b5b744e35d000006","5282abf3fe2ea86b5e000004"]},{"phoneNumber":"8058074293","_id":"5282aa2eb5b744e35d000004","__v":2,"devices":[],"conversations":["5282aa34b5b744e35d000006","5282abf3fe2ea86b5e000004"]}],"messages":[{"_id":"5282ac07fe2ea86b5e000007","messageReceiverId":"5282aa32b5b744e35d000005","messageSenderId":"5282aa2eb5b744e35d000004","messageContent":"Test message 3 from 8058074293 to 5185882891","updatedAt":"2013-11-12T22:30:31.630Z","createdAt":"2013-11-12T22:30:31.627Z","__v":0}]}
2013-11-12T22:31:55.849Z - info: Connecting to the mongoose db
2013-11-12T22:31:56.177Z - info: Enter UserController constructor
2013-11-12T22:31:56.193Z - info: Express app started on port 8000
2013-11-12T22:32:02.765Z - info: posting new conversations
2013-11-12T22:32:02.767Z - info: creating conversation object sender : 5282aa2eb5b744e35d000004 receiver: 5282aa32b5b744e35d000005
2013-11-12T22:32:02.788Z - info: creating conversation object{"__v":1,"createdAt":"2013-11-12T22:32:02.769Z","updatedAt":"2013-11-12T22:32:02.782Z","_id":"5282ac624d0274875e000004","participants":[{"phoneNumber":"5185882891","_id":"5282aa32b5b744e35d000005","__v":3,"devices":[],"conversations":["5282aa34b5b744e35d000006","5282abf3fe2ea86b5e000004","5282ac07fe2ea86b5e000006"]},{"phoneNumber":"8058074293","_id":"5282aa2eb5b744e35d000004","__v":3,"devices":[],"conversations":["5282aa34b5b744e35d000006","5282abf3fe2ea86b5e000004","5282ac07fe2ea86b5e000006"]}],"messages":[{"_id":"5282ac624d0274875e000005","messageReceiver":"5185882891","messageSender":"8058074293","messageReceiverId":"5282aa32b5b744e35d000005","messageSenderId":"5282aa2eb5b744e35d000004","messageContent":"Test message 3 from 8058074293 to 5185882891","updatedAt":"2013-11-12T22:32:02.782Z","createdAt":"2013-11-12T22:32:02.777Z","__v":0}]}
